               ramulator.active_cycles_0                 748                                      # Total active cycles for level _0
                 ramulator.busy_cycles_0                 748                                      # (All-bank refresh only. busy cycles only include refresh time in rank level) The sum of cycles that the DRAM part is active or under refresh for level _0
            ramulator.serving_requests_0                 770                                      # The sum of read and write requests that are served in this DRAM element per memory cycle for level _0
    ramulator.average_serving_requests_0            0.019456                                      # The average of read and write requests that are served in this DRAM element per memory cycle for level _0
             ramulator.active_cycles_0_0                 748                                      # Total active cycles for level _0_0
               ramulator.busy_cycles_0_0                1996                                      # (All-bank refresh only. busy cycles only include refresh time in rank level) The sum of cycles that the DRAM part is active or under refresh for level _0_0
          ramulator.serving_requests_0_0                 770                                      # The sum of read and write requests that are served in this DRAM element per memory cycle for level _0_0
  ramulator.average_serving_requests_0_0            0.019456                                      # The average of read and write requests that are served in this DRAM element per memory cycle for level _0_0
           ramulator.active_cycles_0_0_0                 644                                      # Total active cycles for level _0_0_0
             ramulator.busy_cycles_0_0_0                 644                                      # (All-bank refresh only. busy cycles only include refresh time in rank level) The sum of cycles that the DRAM part is active or under refresh for level _0_0_0
        ramulator.serving_requests_0_0_0                 644                                      # The sum of read and write requests that are served in this DRAM element per memory cycle for level _0_0_0
ramulator.average_serving_requests_0_0_0            0.016272                                      # The average of read and write requests that are served in this DRAM element per memory cycle for level _0_0_0
         ramulator.active_cycles_0_0_0_0                 644                                      # Total active cycles for level _0_0_0_0
           ramulator.busy_cycles_0_0_0_0                 644                                      # (All-bank refresh only. busy cycles only include refresh time in rank level) The sum of cycles that the DRAM part is active or under refresh for level _0_0_0_0
      ramulator.serving_requests_0_0_0_0                 644                                      # The sum of read and write requests that are served in this DRAM element per memory cycle for level _0_0_0_0
ramulator.average_serving_requests_0_0_0_0            0.016272                                      # The average of read and write requests that are served in this DRAM element per memory cycle for level _0_0_0_0
         ramulator.active_cycles_0_0_0_1                   0                                      # Total active cycles for level _0_0_0_1
           ramulator.busy_cycles_0_0_0_1                   0                                      # (All-bank refresh only. busy cycles only include refresh time in rank level) The sum of cycles that the DRAM part is active or under refresh for level _0_0_0_1
      ramulator.serving_requests_0_0_0_1                   0                                      # The sum of read and write requests that are served in this DRAM element per memory cycle for level _0_0_0_1
ramulator.average_serving_requests_0_0_0_1            0.000000                                      # The average of read and write requests that are served in this DRAM element per memory cycle for level _0_0_0_1
         ramulator.active_cycles_0_0_0_2                   0                                      # Total active cycles for level _0_0_0_2
           ramulator.busy_cycles_0_0_0_2                   0                                      # (All-bank refresh only. busy cycles only include refresh time in rank level) The sum of cycles that the DRAM part is active or under refresh for level _0_0_0_2
      ramulator.serving_requests_0_0_0_2                   0                                      # The sum of read and write requests that are served in this DRAM element per memory cycle for level _0_0_0_2
ramulator.average_serving_requests_0_0_0_2            0.000000                                      # The average of read and write requests that are served in this DRAM element per memory cycle for level _0_0_0_2
         ramulator.active_cycles_0_0_0_3                   0                                      # Total active cycles for level _0_0_0_3
           ramulator.busy_cycles_0_0_0_3                   0                                      # (All-bank refresh only. busy cycles only include refresh time in rank level) The sum of cycles that the DRAM part is active or under refresh for level _0_0_0_3
      ramulator.serving_requests_0_0_0_3                   0                                      # The sum of read and write requests that are served in this DRAM element per memory cycle for level _0_0_0_3
ramulator.average_serving_requests_0_0_0_3            0.000000                                      # The average of read and write requests that are served in this DRAM element per memory cycle for level _0_0_0_3
           ramulator.active_cycles_0_0_1                  38                                      # Total active cycles for level _0_0_1
             ramulator.busy_cycles_0_0_1                  38                                      # (All-bank refresh only. busy cycles only include refresh time in rank level) The sum of cycles that the DRAM part is active or under refresh for level _0_0_1
        ramulator.serving_requests_0_0_1                  38                                      # The sum of read and write requests that are served in this DRAM element per memory cycle for level _0_0_1
ramulator.average_serving_requests_0_0_1            0.000960                                      # The average of read and write requests that are served in this DRAM element per memory cycle for level _0_0_1
         ramulator.active_cycles_0_0_1_0                  38                                      # Total active cycles for level _0_0_1_0
           ramulator.busy_cycles_0_0_1_0                  38                                      # (All-bank refresh only. busy cycles only include refresh time in rank level) The sum of cycles that the DRAM part is active or under refresh for level _0_0_1_0
      ramulator.serving_requests_0_0_1_0                  38                                      # The sum of read and write requests that are served in this DRAM element per memory cycle for level _0_0_1_0
ramulator.average_serving_requests_0_0_1_0            0.000960                                      # The average of read and write requests that are served in this DRAM element per memory cycle for level _0_0_1_0
         ramulator.active_cycles_0_0_1_1                   0                                      # Total active cycles for level _0_0_1_1
           ramulator.busy_cycles_0_0_1_1                   0                                      # (All-bank refresh only. busy cycles only include refresh time in rank level) The sum of cycles that the DRAM part is active or under refresh for level _0_0_1_1
      ramulator.serving_requests_0_0_1_1                   0                                      # The sum of read and write requests that are served in this DRAM element per memory cycle for level _0_0_1_1
ramulator.average_serving_requests_0_0_1_1            0.000000                                      # The average of read and write requests that are served in this DRAM element per memory cycle for level _0_0_1_1
         ramulator.active_cycles_0_0_1_2                   0                                      # Total active cycles for level _0_0_1_2
           ramulator.busy_cycles_0_0_1_2                   0                                      # (All-bank refresh only. busy cycles only include refresh time in rank level) The sum of cycles that the DRAM part is active or under refresh for level _0_0_1_2
      ramulator.serving_requests_0_0_1_2                   0                                      # The sum of read and write requests that are served in this DRAM element per memory cycle for level _0_0_1_2
ramulator.average_serving_requests_0_0_1_2            0.000000                                      # The average of read and write requests that are served in this DRAM element per memory cycle for level _0_0_1_2
         ramulator.active_cycles_0_0_1_3                   0                                      # Total active cycles for level _0_0_1_3
           ramulator.busy_cycles_0_0_1_3                   0                                      # (All-bank refresh only. busy cycles only include refresh time in rank level) The sum of cycles that the DRAM part is active or under refresh for level _0_0_1_3
      ramulator.serving_requests_0_0_1_3                   0                                      # The sum of read and write requests that are served in this DRAM element per memory cycle for level _0_0_1_3
ramulator.average_serving_requests_0_0_1_3            0.000000                                      # The average of read and write requests that are served in this DRAM element per memory cycle for level _0_0_1_3
           ramulator.active_cycles_0_0_2                   0                                      # Total active cycles for level _0_0_2
             ramulator.busy_cycles_0_0_2                   0                                      # (All-bank refresh only. busy cycles only include refresh time in rank level) The sum of cycles that the DRAM part is active or under refresh for level _0_0_2
        ramulator.serving_requests_0_0_2                   0                                      # The sum of read and write requests that are served in this DRAM element per memory cycle for level _0_0_2
ramulator.average_serving_requests_0_0_2            0.000000                                      # The average of read and write requests that are served in this DRAM element per memory cycle for level _0_0_2
         ramulator.active_cycles_0_0_2_0                   0                                      # Total active cycles for level _0_0_2_0
           ramulator.busy_cycles_0_0_2_0                   0                                      # (All-bank refresh only. busy cycles only include refresh time in rank level) The sum of cycles that the DRAM part is active or under refresh for level _0_0_2_0
      ramulator.serving_requests_0_0_2_0                   0                                      # The sum of read and write requests that are served in this DRAM element per memory cycle for level _0_0_2_0
ramulator.average_serving_requests_0_0_2_0            0.000000                                      # The average of read and write requests that are served in this DRAM element per memory cycle for level _0_0_2_0
         ramulator.active_cycles_0_0_2_1                   0                                      # Total active cycles for level _0_0_2_1
           ramulator.busy_cycles_0_0_2_1                   0                                      # (All-bank refresh only. busy cycles only include refresh time in rank level) The sum of cycles that the DRAM part is active or under refresh for level _0_0_2_1
      ramulator.serving_requests_0_0_2_1                   0                                      # The sum of read and write requests that are served in this DRAM element per memory cycle for level _0_0_2_1
ramulator.average_serving_requests_0_0_2_1            0.000000                                      # The average of read and write requests that are served in this DRAM element per memory cycle for level _0_0_2_1
         ramulator.active_cycles_0_0_2_2                   0                                      # Total active cycles for level _0_0_2_2
           ramulator.busy_cycles_0_0_2_2                   0                                      # (All-bank refresh only. busy cycles only include refresh time in rank level) The sum of cycles that the DRAM part is active or under refresh for level _0_0_2_2
      ramulator.serving_requests_0_0_2_2                   0                                      # The sum of read and write requests that are served in this DRAM element per memory cycle for level _0_0_2_2
ramulator.average_serving_requests_0_0_2_2            0.000000                                      # The average of read and write requests that are served in this DRAM element per memory cycle for level _0_0_2_2
         ramulator.active_cycles_0_0_2_3                   0                                      # Total active cycles for level _0_0_2_3
           ramulator.busy_cycles_0_0_2_3                   0                                      # (All-bank refresh only. busy cycles only include refresh time in rank level) The sum of cycles that the DRAM part is active or under refresh for level _0_0_2_3
      ramulator.serving_requests_0_0_2_3                   0                                      # The sum of read and write requests that are served in this DRAM element per memory cycle for level _0_0_2_3
ramulator.average_serving_requests_0_0_2_3            0.000000                                      # The average of read and write requests that are served in this DRAM element per memory cycle for level _0_0_2_3
           ramulator.active_cycles_0_0_3                  88                                      # Total active cycles for level _0_0_3
             ramulator.busy_cycles_0_0_3                  88                                      # (All-bank refresh only. busy cycles only include refresh time in rank level) The sum of cycles that the DRAM part is active or under refresh for level _0_0_3
        ramulator.serving_requests_0_0_3                  88                                      # The sum of read and write requests that are served in this DRAM element per memory cycle for level _0_0_3
ramulator.average_serving_requests_0_0_3            0.002224                                      # The average of read and write requests that are served in this DRAM element per memory cycle for level _0_0_3
         ramulator.active_cycles_0_0_3_0                   0                                      # Total active cycles for level _0_0_3_0
           ramulator.busy_cycles_0_0_3_0                   0                                      # (All-bank refresh only. busy cycles only include refresh time in rank level) The sum of cycles that the DRAM part is active or under refresh for level _0_0_3_0
      ramulator.serving_requests_0_0_3_0                   0                                      # The sum of read and write requests that are served in this DRAM element per memory cycle for level _0_0_3_0
ramulator.average_serving_requests_0_0_3_0            0.000000                                      # The average of read and write requests that are served in this DRAM element per memory cycle for level _0_0_3_0
         ramulator.active_cycles_0_0_3_1                   0                                      # Total active cycles for level _0_0_3_1
           ramulator.busy_cycles_0_0_3_1                   0                                      # (All-bank refresh only. busy cycles only include refresh time in rank level) The sum of cycles that the DRAM part is active or under refresh for level _0_0_3_1
      ramulator.serving_requests_0_0_3_1                   0                                      # The sum of read and write requests that are served in this DRAM element per memory cycle for level _0_0_3_1
ramulator.average_serving_requests_0_0_3_1            0.000000                                      # The average of read and write requests that are served in this DRAM element per memory cycle for level _0_0_3_1
         ramulator.active_cycles_0_0_3_2                   0                                      # Total active cycles for level _0_0_3_2
           ramulator.busy_cycles_0_0_3_2                   0                                      # (All-bank refresh only. busy cycles only include refresh time in rank level) The sum of cycles that the DRAM part is active or under refresh for level _0_0_3_2
      ramulator.serving_requests_0_0_3_2                   0                                      # The sum of read and write requests that are served in this DRAM element per memory cycle for level _0_0_3_2
ramulator.average_serving_requests_0_0_3_2            0.000000                                      # The average of read and write requests that are served in this DRAM element per memory cycle for level _0_0_3_2
         ramulator.active_cycles_0_0_3_3                  88                                      # Total active cycles for level _0_0_3_3
           ramulator.busy_cycles_0_0_3_3                  88                                      # (All-bank refresh only. busy cycles only include refresh time in rank level) The sum of cycles that the DRAM part is active or under refresh for level _0_0_3_3
      ramulator.serving_requests_0_0_3_3                  88                                      # The sum of read and write requests that are served in this DRAM element per memory cycle for level _0_0_3_3
ramulator.average_serving_requests_0_0_3_3            0.002224                                      # The average of read and write requests that are served in this DRAM element per memory cycle for level _0_0_3_3
      ramulator.read_transaction_bytes_0                1728                                      # The total byte of read transaction per channel
     ramulator.write_transaction_bytes_0               36160                                      # The total byte of write transaction per channel
       ramulator.row_hits_channel_0_core                 581                                      # Number of row hits per channel per core
     ramulator.row_misses_channel_0_core                   8                                      # Number of row misses per channel per core
  ramulator.row_conflicts_channel_0_core                   3                                      # Number of row conflicts per channel per core
  ramulator.read_row_hits_channel_0_core                  21                                      # Number of row hits for read requests per channel per core
                                     [0]                21.0                                      # 
ramulator.read_row_misses_channel_0_core                   4                                      # Number of row misses for read requests per channel per core
                                     [0]                 4.0                                      # 
ramulator.read_row_conflicts_channel_0_core                   2                                      # Number of row conflicts for read requests per channel per core
                                     [0]                 2.0                                      # 
 ramulator.write_row_hits_channel_0_core                 560                                      # Number of row hits for write requests per channel per core
                                     [0]               560.0                                      # 
ramulator.write_row_misses_channel_0_core                   4                                      # Number of row misses for write requests per channel per core
                                     [0]                 4.0                                      # 
ramulator.write_row_conflicts_channel_0_core                   1                                      # Number of row conflicts for write requests per channel per core
                                     [0]                 1.0                                      # 
      ramulator.useless_activates_0_core                   0                                      # Number of useless activations. E.g, ACT -> PRE w/o RD or WR
            ramulator.read_latency_avg_0           42.444444                                      # The average memory latency cycles (in memory time domain) per request for all read requests in this channel
            ramulator.read_latency_sum_0                1146                                      # The memory latency cycles (in memory time domain) sum for all read requests in this channel
        ramulator.req_queue_length_avg_0            0.089372                                      # Average of read and write queue length per memory cycle per channel.
        ramulator.req_queue_length_sum_0                3537                                      # Sum of read and write queue length per memory cycle per channel.
   ramulator.read_req_queue_length_avg_0            0.026531                                      # Read queue length average per memory cycle per channel.
   ramulator.read_req_queue_length_sum_0                1050                                      # Read queue length sum per memory cycle per channel.
  ramulator.write_req_queue_length_avg_0            0.062841                                      # Write queue length average per memory cycle per channel.
  ramulator.write_req_queue_length_sum_0                2487                                      # Write queue length sum per memory cycle per channel.
              ramulator.record_read_hits                 0.0                                      # record read hit count for this core when it reaches request limit or to the end
                                     [0]                 0.0                                      # 
            ramulator.record_read_misses                 0.0                                      # record_read_miss count for this core when it reaches request limit or to the end
                                     [0]                 0.0                                      # 
         ramulator.record_read_conflicts                 0.0                                      # record read conflict count for this core when it reaches request limit or to the end
                                     [0]                 0.0                                      # 
             ramulator.record_write_hits                 0.0                                      # record write hit count for this core when it reaches request limit or to the end
                                     [0]                 0.0                                      # 
           ramulator.record_write_misses                 0.0                                      # record write miss count for this core when it reaches request limit or to the end
                                     [0]                 0.0                                      # 
        ramulator.record_write_conflicts                 0.0                                      # record write conflict for this core when it reaches request limit or to the end
                                     [0]                 0.0                                      # 
               ramulator.active_cycles_1                1533                                      # Total active cycles for level _1
                 ramulator.busy_cycles_1                1533                                      # (All-bank refresh only. busy cycles only include refresh time in rank level) The sum of cycles that the DRAM part is active or under refresh for level _1
            ramulator.serving_requests_1                3049                                      # The sum of read and write requests that are served in this DRAM element per memory cycle for level _1
    ramulator.average_serving_requests_1            0.077042                                      # The average of read and write requests that are served in this DRAM element per memory cycle for level _1
             ramulator.active_cycles_1_0                1533                                      # Total active cycles for level _1_0
               ramulator.busy_cycles_1_0                2781                                      # (All-bank refresh only. busy cycles only include refresh time in rank level) The sum of cycles that the DRAM part is active or under refresh for level _1_0
          ramulator.serving_requests_1_0                3049                                      # The sum of read and write requests that are served in this DRAM element per memory cycle for level _1_0
  ramulator.average_serving_requests_1_0            0.077042                                      # The average of read and write requests that are served in this DRAM element per memory cycle for level _1_0
           ramulator.active_cycles_1_0_0                1081                                      # Total active cycles for level _1_0_0
             ramulator.busy_cycles_1_0_0                1081                                      # (All-bank refresh only. busy cycles only include refresh time in rank level) The sum of cycles that the DRAM part is active or under refresh for level _1_0_0
        ramulator.serving_requests_1_0_0                1216                                      # The sum of read and write requests that are served in this DRAM element per memory cycle for level _1_0_0
ramulator.average_serving_requests_1_0_0            0.030726                                      # The average of read and write requests that are served in this DRAM element per memory cycle for level _1_0_0
         ramulator.active_cycles_1_0_0_0                 664                                      # Total active cycles for level _1_0_0_0
           ramulator.busy_cycles_1_0_0_0                 664                                      # (All-bank refresh only. busy cycles only include refresh time in rank level) The sum of cycles that the DRAM part is active or under refresh for level _1_0_0_0
      ramulator.serving_requests_1_0_0_0                 664                                      # The sum of read and write requests that are served in this DRAM element per memory cycle for level _1_0_0_0
ramulator.average_serving_requests_1_0_0_0            0.016778                                      # The average of read and write requests that are served in this DRAM element per memory cycle for level _1_0_0_0
         ramulator.active_cycles_1_0_0_1                   0                                      # Total active cycles for level _1_0_0_1
           ramulator.busy_cycles_1_0_0_1                   0                                      # (All-bank refresh only. busy cycles only include refresh time in rank level) The sum of cycles that the DRAM part is active or under refresh for level _1_0_0_1
      ramulator.serving_requests_1_0_0_1                   0                                      # The sum of read and write requests that are served in this DRAM element per memory cycle for level _1_0_0_1
ramulator.average_serving_requests_1_0_0_1            0.000000                                      # The average of read and write requests that are served in this DRAM element per memory cycle for level _1_0_0_1
         ramulator.active_cycles_1_0_0_2                 225                                      # Total active cycles for level _1_0_0_2
           ramulator.busy_cycles_1_0_0_2                 225                                      # (All-bank refresh only. busy cycles only include refresh time in rank level) The sum of cycles that the DRAM part is active or under refresh for level _1_0_0_2
      ramulator.serving_requests_1_0_0_2                 277                                      # The sum of read and write requests that are served in this DRAM element per memory cycle for level _1_0_0_2
ramulator.average_serving_requests_1_0_0_2            0.006999                                      # The average of read and write requests that are served in this DRAM element per memory cycle for level _1_0_0_2
         ramulator.active_cycles_1_0_0_3                 215                                      # Total active cycles for level _1_0_0_3
           ramulator.busy_cycles_1_0_0_3                 215                                      # (All-bank refresh only. busy cycles only include refresh time in rank level) The sum of cycles that the DRAM part is active or under refresh for level _1_0_0_3
      ramulator.serving_requests_1_0_0_3                 275                                      # The sum of read and write requests that are served in this DRAM element per memory cycle for level _1_0_0_3
ramulator.average_serving_requests_1_0_0_3            0.006949                                      # The average of read and write requests that are served in this DRAM element per memory cycle for level _1_0_0_3
           ramulator.active_cycles_1_0_1                 484                                      # Total active cycles for level _1_0_1
             ramulator.busy_cycles_1_0_1                 484                                      # (All-bank refresh only. busy cycles only include refresh time in rank level) The sum of cycles that the DRAM part is active or under refresh for level _1_0_1
        ramulator.serving_requests_1_0_1                 658                                      # The sum of read and write requests that are served in this DRAM element per memory cycle for level _1_0_1
ramulator.average_serving_requests_1_0_1            0.016626                                      # The average of read and write requests that are served in this DRAM element per memory cycle for level _1_0_1
         ramulator.active_cycles_1_0_1_0                  32                                      # Total active cycles for level _1_0_1_0
           ramulator.busy_cycles_1_0_1_0                  32                                      # (All-bank refresh only. busy cycles only include refresh time in rank level) The sum of cycles that the DRAM part is active or under refresh for level _1_0_1_0
      ramulator.serving_requests_1_0_1_0                  32                                      # The sum of read and write requests that are served in this DRAM element per memory cycle for level _1_0_1_0
ramulator.average_serving_requests_1_0_1_0            0.000809                                      # The average of read and write requests that are served in this DRAM element per memory cycle for level _1_0_1_0
         ramulator.active_cycles_1_0_1_1                   0                                      # Total active cycles for level _1_0_1_1
           ramulator.busy_cycles_1_0_1_1                   0                                      # (All-bank refresh only. busy cycles only include refresh time in rank level) The sum of cycles that the DRAM part is active or under refresh for level _1_0_1_1
      ramulator.serving_requests_1_0_1_1                   0                                      # The sum of read and write requests that are served in this DRAM element per memory cycle for level _1_0_1_1
ramulator.average_serving_requests_1_0_1_1            0.000000                                      # The average of read and write requests that are served in this DRAM element per memory cycle for level _1_0_1_1
         ramulator.active_cycles_1_0_1_2                 228                                      # Total active cycles for level _1_0_1_2
           ramulator.busy_cycles_1_0_1_2                 228                                      # (All-bank refresh only. busy cycles only include refresh time in rank level) The sum of cycles that the DRAM part is active or under refresh for level _1_0_1_2
      ramulator.serving_requests_1_0_1_2                 314                                      # The sum of read and write requests that are served in this DRAM element per memory cycle for level _1_0_1_2
ramulator.average_serving_requests_1_0_1_2            0.007934                                      # The average of read and write requests that are served in this DRAM element per memory cycle for level _1_0_1_2
         ramulator.active_cycles_1_0_1_3                 226                                      # Total active cycles for level _1_0_1_3
           ramulator.busy_cycles_1_0_1_3                 226                                      # (All-bank refresh only. busy cycles only include refresh time in rank level) The sum of cycles that the DRAM part is active or under refresh for level _1_0_1_3
      ramulator.serving_requests_1_0_1_3                 312                                      # The sum of read and write requests that are served in this DRAM element per memory cycle for level _1_0_1_3
ramulator.average_serving_requests_1_0_1_3            0.007884                                      # The average of read and write requests that are served in this DRAM element per memory cycle for level _1_0_1_3
           ramulator.active_cycles_1_0_2                 455                                      # Total active cycles for level _1_0_2
             ramulator.busy_cycles_1_0_2                 455                                      # (All-bank refresh only. busy cycles only include refresh time in rank level) The sum of cycles that the DRAM part is active or under refresh for level _1_0_2
        ramulator.serving_requests_1_0_2                 609                                      # The sum of read and write requests that are served in this DRAM element per memory cycle for level _1_0_2
ramulator.average_serving_requests_1_0_2            0.015388                                      # The average of read and write requests that are served in this DRAM element per memory cycle for level _1_0_2
         ramulator.active_cycles_1_0_2_0                   0                                      # Total active cycles for level _1_0_2_0
           ramulator.busy_cycles_1_0_2_0                   0                                      # (All-bank refresh only. busy cycles only include refresh time in rank level) The sum of cycles that the DRAM part is active or under refresh for level _1_0_2_0
      ramulator.serving_requests_1_0_2_0                   0                                      # The sum of read and write requests that are served in this DRAM element per memory cycle for level _1_0_2_0
ramulator.average_serving_requests_1_0_2_0            0.000000                                      # The average of read and write requests that are served in this DRAM element per memory cycle for level _1_0_2_0
         ramulator.active_cycles_1_0_2_1                   0                                      # Total active cycles for level _1_0_2_1
           ramulator.busy_cycles_1_0_2_1                   0                                      # (All-bank refresh only. busy cycles only include refresh time in rank level) The sum of cycles that the DRAM part is active or under refresh for level _1_0_2_1
      ramulator.serving_requests_1_0_2_1                   0                                      # The sum of read and write requests that are served in this DRAM element per memory cycle for level _1_0_2_1
ramulator.average_serving_requests_1_0_2_1            0.000000                                      # The average of read and write requests that are served in this DRAM element per memory cycle for level _1_0_2_1
         ramulator.active_cycles_1_0_2_2                 233                                      # Total active cycles for level _1_0_2_2
           ramulator.busy_cycles_1_0_2_2                 233                                      # (All-bank refresh only. busy cycles only include refresh time in rank level) The sum of cycles that the DRAM part is active or under refresh for level _1_0_2_2
      ramulator.serving_requests_1_0_2_2                 315                                      # The sum of read and write requests that are served in this DRAM element per memory cycle for level _1_0_2_2
ramulator.average_serving_requests_1_0_2_2            0.007959                                      # The average of read and write requests that are served in this DRAM element per memory cycle for level _1_0_2_2
         ramulator.active_cycles_1_0_2_3                 222                                      # Total active cycles for level _1_0_2_3
           ramulator.busy_cycles_1_0_2_3                 222                                      # (All-bank refresh only. busy cycles only include refresh time in rank level) The sum of cycles that the DRAM part is active or under refresh for level _1_0_2_3
      ramulator.serving_requests_1_0_2_3                 294                                      # The sum of read and write requests that are served in this DRAM element per memory cycle for level _1_0_2_3
ramulator.average_serving_requests_1_0_2_3            0.007429                                      # The average of read and write requests that are served in this DRAM element per memory cycle for level _1_0_2_3
           ramulator.active_cycles_1_0_3                 456                                      # Total active cycles for level _1_0_3
             ramulator.busy_cycles_1_0_3                 456                                      # (All-bank refresh only. busy cycles only include refresh time in rank level) The sum of cycles that the DRAM part is active or under refresh for level _1_0_3
        ramulator.serving_requests_1_0_3                 566                                      # The sum of read and write requests that are served in this DRAM element per memory cycle for level _1_0_3
ramulator.average_serving_requests_1_0_3            0.014302                                      # The average of read and write requests that are served in this DRAM element per memory cycle for level _1_0_3
         ramulator.active_cycles_1_0_3_0                   0                                      # Total active cycles for level _1_0_3_0
           ramulator.busy_cycles_1_0_3_0                   0                                      # (All-bank refresh only. busy cycles only include refresh time in rank level) The sum of cycles that the DRAM part is active or under refresh for level _1_0_3_0
      ramulator.serving_requests_1_0_3_0                   0                                      # The sum of read and write requests that are served in this DRAM element per memory cycle for level _1_0_3_0
ramulator.average_serving_requests_1_0_3_0            0.000000                                      # The average of read and write requests that are served in this DRAM element per memory cycle for level _1_0_3_0
         ramulator.active_cycles_1_0_3_1                   0                                      # Total active cycles for level _1_0_3_1
           ramulator.busy_cycles_1_0_3_1                   0                                      # (All-bank refresh only. busy cycles only include refresh time in rank level) The sum of cycles that the DRAM part is active or under refresh for level _1_0_3_1
      ramulator.serving_requests_1_0_3_1                   0                                      # The sum of read and write requests that are served in this DRAM element per memory cycle for level _1_0_3_1
ramulator.average_serving_requests_1_0_3_1            0.000000                                      # The average of read and write requests that are served in this DRAM element per memory cycle for level _1_0_3_1
         ramulator.active_cycles_1_0_3_2                 226                                      # Total active cycles for level _1_0_3_2
           ramulator.busy_cycles_1_0_3_2                 226                                      # (All-bank refresh only. busy cycles only include refresh time in rank level) The sum of cycles that the DRAM part is active or under refresh for level _1_0_3_2
      ramulator.serving_requests_1_0_3_2                 312                                      # The sum of read and write requests that are served in this DRAM element per memory cycle for level _1_0_3_2
ramulator.average_serving_requests_1_0_3_2            0.007884                                      # The average of read and write requests that are served in this DRAM element per memory cycle for level _1_0_3_2
         ramulator.active_cycles_1_0_3_3                 230                                      # Total active cycles for level _1_0_3_3
           ramulator.busy_cycles_1_0_3_3                 230                                      # (All-bank refresh only. busy cycles only include refresh time in rank level) The sum of cycles that the DRAM part is active or under refresh for level _1_0_3_3
      ramulator.serving_requests_1_0_3_3                 254                                      # The sum of read and write requests that are served in this DRAM element per memory cycle for level _1_0_3_3
ramulator.average_serving_requests_1_0_3_3            0.006418                                      # The average of read and write requests that are served in this DRAM element per memory cycle for level _1_0_3_3
      ramulator.read_transaction_bytes_1                8320                                      # The total byte of read transaction per channel
     ramulator.write_transaction_bytes_1               44800                                      # The total byte of write transaction per channel
       ramulator.row_hits_channel_1_core                 805                                      # Number of row hits per channel per core
     ramulator.row_misses_channel_1_core                  23                                      # Number of row misses per channel per core
  ramulator.row_conflicts_channel_1_core                   2                                      # Number of row conflicts per channel per core
  ramulator.read_row_hits_channel_1_core                 125                                      # Number of row hits for read requests per channel per core
                                     [0]               125.0                                      # 
ramulator.read_row_misses_channel_1_core                   3                                      # Number of row misses for read requests per channel per core
                                     [0]                 3.0                                      # 
ramulator.read_row_conflicts_channel_1_core                   2                                      # Number of row conflicts for read requests per channel per core
                                     [0]                 2.0                                      # 
 ramulator.write_row_hits_channel_1_core                 680                                      # Number of row hits for write requests per channel per core
                                     [0]               680.0                                      # 
ramulator.write_row_misses_channel_1_core                  20                                      # Number of row misses for write requests per channel per core
                                     [0]                20.0                                      # 
ramulator.write_row_conflicts_channel_1_core                   0                                      # Number of row conflicts for write requests per channel per core
                                     [0]                 0.0                                      # 
      ramulator.useless_activates_1_core                   0                                      # Number of useless activations. E.g, ACT -> PRE w/o RD or WR
            ramulator.read_latency_avg_1           27.138462                                      # The average memory latency cycles (in memory time domain) per request for all read requests in this channel
            ramulator.read_latency_sum_1                3528                                      # The memory latency cycles (in memory time domain) sum for all read requests in this channel
        ramulator.req_queue_length_avg_1            0.397640                                      # Average of read and write queue length per memory cycle per channel.
        ramulator.req_queue_length_sum_1               15737                                      # Sum of read and write queue length per memory cycle per channel.
   ramulator.read_req_queue_length_avg_1            0.087124                                      # Read queue length average per memory cycle per channel.
   ramulator.read_req_queue_length_sum_1                3448                                      # Read queue length sum per memory cycle per channel.
  ramulator.write_req_queue_length_avg_1            0.310516                                      # Write queue length average per memory cycle per channel.
  ramulator.write_req_queue_length_sum_1               12289                                      # Write queue length sum per memory cycle per channel.
              ramulator.record_read_hits                 0.0                                      # record read hit count for this core when it reaches request limit or to the end
                                     [0]                 0.0                                      # 
            ramulator.record_read_misses                 0.0                                      # record_read_miss count for this core when it reaches request limit or to the end
                                     [0]                 0.0                                      # 
         ramulator.record_read_conflicts                 0.0                                      # record read conflict count for this core when it reaches request limit or to the end
                                     [0]                 0.0                                      # 
             ramulator.record_write_hits                 0.0                                      # record write hit count for this core when it reaches request limit or to the end
                                     [0]                 0.0                                      # 
           ramulator.record_write_misses                 0.0                                      # record write miss count for this core when it reaches request limit or to the end
                                     [0]                 0.0                                      # 
        ramulator.record_write_conflicts                 0.0                                      # record write conflict for this core when it reaches request limit or to the end
                                     [0]                 0.0                                      # 
                 ramulator.dram_capacity          8589934592                                      # Number of bytes in simulated DRAM
                   ramulator.dram_cycles               39576                                      # Number of DRAM cycles simulated
             ramulator.incoming_requests                1422                                      # Number of incoming requests to DRAM
                 ramulator.read_requests                 157                                      # Number of incoming read requests to DRAM per core
                                     [0]               157.0                                      # 
                ramulator.write_requests                1265                                      # Number of incoming write requests to DRAM per core
                                     [0]              1265.0                                      # 
       ramulator.ramulator_active_cycles                2239                                      # The total number of cycles that the DRAM part is active (serving R/W)
 ramulator.incoming_requests_per_channel              1422.0                                      # Number of incoming requests to each DRAM channel
                                     [0]               592.0                                      # 
                                     [1]               830.0                                      # 
ramulator.incoming_read_reqs_per_channel               157.0                                      # Number of incoming read requests to each DRAM channel
                                     [0]                27.0                                      # 
                                     [1]               130.0                                      # 
     ramulator.physical_page_replacement                   0                                      # The number of times that physical page replacement happens.
             ramulator.maximum_bandwidth         38400000000                                      # The theoretical maximum bandwidth (Bps)
          ramulator.in_queue_req_num_sum               19274                                      # Sum of read/write queue length
     ramulator.in_queue_read_req_num_sum                4498                                      # Sum of read queue length
    ramulator.in_queue_write_req_num_sum               14776                                      # Sum of write queue length
          ramulator.in_queue_req_num_avg            0.487012                                      # Average of read/write queue length per memory cycle
     ramulator.in_queue_read_req_num_avg            0.113655                                      # Average of read queue length per memory cycle
    ramulator.in_queue_write_req_num_avg            0.373358                                      # Average of write queue length per memory cycle
          ramulator.record_read_requests                 0.0                                      # record read requests for this core when it reaches request limit or to the end
                                     [0]                 0.0                                      # 
         ramulator.record_write_requests                 0.0                                      # record write requests for this core when it reaches request limit or to the end
                                     [0]                 0.0                                      # 
